===========================================================================
 BARON version 24.12.21. Built: LNX-64 Sat Dec 21 23:17:18 EST 2024
 Running on machine kanjur

 BARON is a product of The Optimization Firm.
 For information on BARON, see https://minlp.com/about-baron

 If you publish work using this software, please cite publications from
 https://minlp.com/baron-publications, such as: 

 Puranik, Y. and N. V. Sahinidis, Deletion presolve for
 accelerating infeasibility diagnosis in optimization models,
 INFORMS Journal on Computing, 29:754-766, 2017.
===========================================================================
 This BARON run may utilize the following subsolver(s)
 For LP/MIP/QP: CLP/CBC                                         
 For NLP: IPOPT, FILTERSQP
===========================================================================
    The options used in solving the problem are as follows:
       maxtime        =  0.3600E+04
       maxiter        =      -1
       numsol         =       1
       firstfeas      =       0
       firstloc       =       0
       cutoff         =  0.1000E+52
       target         = -0.1000E+52
       epsa           =  0.1000E-05
       epsr           =  0.1000E-08
       relgaptype     =       1
       deltaterm      =       0
       deltaa         =  0.1000E+52
       deltar         =  0.1000E+01
       deltat         = -0.1000E+03
       boxtol         =  0.1000E-07
       isoltol        =  0.1000E-03
       absconfeastol  =  0.1000E-05
       relconfeastol  =  0.0000E+00
       absintfeastol  =  0.1000E-04
       relintfeastol  =  0.0000E+00
       primalcstol    =  0.1000E-04
       dualcstol      =  0.1000E-04
       dualfeastol    =  0.1000E-04
       ectol          =  0.1000E-04
       results        =       1
       summary        =       1
       times          =       1
       wantdual       =       0
       prtimefreq     =  0.3000E+02
       prfreq         = 1000000
       prlevel        =       1
       lpsol          =       8
       nlpsol         =      -1
       allowminos     =       0
       allowsnopt     =       0
       allowexternal  =       1
       allowipopt     =       1
       allowfiltersd  =       0
       allowfiltersqp =       1
       allowcplex     =       0
       allowxpress    =       0
       allowcbc       =       1
       allowhsl       =       0
       allowhighs     =       0
       dolocal        =       1
       numloc         =      20
       locres         =       0
       nouter1        =       4
       noutpervar     =       4
       noutiter       =       4
       outgrid        =      20
       tdo            =       1
       mdo            =       1
       obttdo         =       1
       lbttdo         =       1
       pdo            =      -2
       brvarstra      =       0
       brptstra       =       0
       nodesel        =       0
       compiis        =       4
       iisint         =       1
       iisorder       =      -1
       images         =      -1
       threads        =       8
       userrel        =       0
       usergencuts    =       0
       usersearch     =       0
       usertighten    =       0
       problemisconvex=       0
===========================================================================
 Doing local search
 Preprocessing found feasible solution with value 417195.
 Solving bounding LP
 Starting multi-start local search
 Preprocessing found feasible solution with value 403406.
 Done with local search
===========================================================================
  Iteration       Time (s)     Mem   Lower bound     Upper bound   Progress
          1           0.70    12MB     16000.0         403406.        NA
      12542          30.70    12MB     349087.         403406.       43.92%
      17397          39.85    12MB     403406.         403406.      100.00%

                         *** Normal completion ***            

 Wall clock time:                    39.85
 Total CPU time used:                39.83

 Total no. of BaR iterations:   17397
 Best solution found at node:     630
 Max. no. of nodes in memory:     151
 
 All done
===========================================================================
